{"timestamp": "2026-05-20 23:37:48,187", "level": "INFO", "message": "Database and tables created.", "module": "app", "lineno": 434}
{"timestamp": "2026-05-20 23:37:58,029", "level": "INFO", "message": "Application startup", "module": "app", "lineno": 67}
{"timestamp": "2026-05-20 23:37:58,248", "level": "INFO", "message": "API documentation registered at /api/docs and /api/openapi.json", "module": "api_docs", "lineno": 1287}
{"timestamp": "2026-05-20 23:37:58,285", "level": "INFO", "message": "Database and tables created.", "module": "app", "lineno": 434}
{"timestamp": "2026-05-20 23:38:08,269", "level": "INFO", "message": "Application startup", "module": "app", "lineno": 67}
{"timestamp": "2026-05-20 23:38:08,492", "level": "INFO", "message": "API documentation registered at /api/docs and /api/openapi.json", "module": "api_docs", "lineno": 1287}
{"timestamp": "2026-05-20 23:38:08,526", "level": "INFO", "message": "Database and tables created.", "module": "app", "lineno": 434}
{"timestamp": "2026-05-20 23:38:17,551", "level": "INFO", "message": "Application startup", "module": "app", "lineno": 67}
{"timestamp": "2026-05-20 23:38:17,770", "level": "INFO", "message": "API documentation registered at /api/docs and /api/openapi.json", "module": "api_docs", "lineno": 1287}
{"timestamp": "2026-05-20 23:38:17,808", "level": "INFO", "message": "Database and tables created.", "module": "app", "lineno": 434}
{"timestamp": "2026-05-20 23:38:29,851", "level": "INFO", "message": "Application startup", "module": "app", "lineno": 67}
{"timestamp": "2026-05-20 23:38:30,052", "level": "INFO", "message": "API documentation registered at /api/docs and /api/openapi.json", "module": "api_docs", "lineno": 1287}
{"timestamp": "2026-05-20 23:38:30,087", "level": "INFO", "message": "Database and tables created.", "module": "app", "lineno": 434}
{"timestamp": "2026-05-20 23:38:47,944", "level": "INFO", "message": "Application startup", "module": "app", "lineno": 67}
{"timestamp": "2026-05-20 23:38:48,165", "level": "INFO", "message": "API documentation registered at /api/docs and /api/openapi.json", "module": "api_docs", "lineno": 1287}
{"timestamp": "2026-05-20 23:38:48,192", "level": "INFO", "message": "Database and tables created.", "module": "app", "lineno": 434}
{"timestamp": "2026-05-20 23:39:04,707", "level": "INFO", "message": "Application startup", "module": "app", "lineno": 67}
{"timestamp": "2026-05-20 23:39:04,911", "level": "INFO", "message": "API documentation registered at /api/docs and /api/openapi.json", "module": "api_docs", "lineno": 1287}
{"timestamp": "2026-05-20 23:39:04,947", "level": "INFO", "message": "Database and tables created.", "module": "app", "lineno": 434}
{"timestamp": "2026-05-20 23:39:22,246", "level": "INFO", "message": "Application startup", "module": "app", "lineno": 67}
{"timestamp": "2026-05-20 23:39:22,464", "level": "INFO", "message": "API documentation registered at /api/docs and /api/openapi.json", "module": "api_docs", "lineno": 1287}
{"timestamp": "2026-05-20 23:39:22,505", "level": "INFO", "message": "Database and tables created.", "module": "app", "lineno": 434}
{"timestamp": "2026-05-20 23:39:39,825", "level": "INFO", "message": "Application startup", "module": "app", "lineno": 67}
{"timestamp": "2026-05-20 23:39:40,009", "level": "INFO", "message": "API documentation registered at /api/docs and /api/openapi.json", "module": "api_docs", "lineno": 1287}
{"timestamp": "2026-05-20 23:39:40,044", "level": "INFO", "message": "Database and tables created.", "module": "app", "lineno": 434}
{"timestamp": "2026-05-20 23:39:47,348", "level": "INFO", "message": "Application startup", "module": "app", "lineno": 67}
{"timestamp": "2026-05-20 23:39:47,564", "level": "INFO", "message": "API documentation registered at /api/docs and /api/openapi.json", "module": "api_docs", "lineno": 1287}
{"timestamp": "2026-05-20 23:39:47,845", "level": "INFO", "message": "Database and tables created.", "module": "app", "lineno": 434}
{"timestamp": "2026-05-20 23:40:06,189", "level": "INFO", "message": "Application startup", "module": "app", "lineno": 67}
{"timestamp": "2026-05-20 23:40:06,412", "level": "INFO", "message": "API documentation registered at /api/docs and /api/openapi.json", "module": "api_docs", "lineno": 1287}
{"timestamp": "2026-05-20 23:40:06,728", "level": "INFO", "message": "Database and tables created.", "module": "app", "lineno": 434}
{"timestamp": "2026-05-21 00:22:02,927", "level": "INFO", "message": "Application startup", "module": "app", "lineno": 67}
{"timestamp": "2026-05-21 00:22:12,448", "level": "INFO", "message": "Application startup", "module": "app", "lineno": 67}
{"timestamp": "2026-05-21 00:22:12,568", "level": "INFO", "message": "API documentation registered at /api/docs and /api/openapi.json", "module": "api_docs", "lineno": 1287}
{"timestamp": "2026-05-21 00:22:12,604", "level": "INFO", "message": "Database and tables created.", "module": "app", "lineno": 434}
{"timestamp": "2026-05-21 00:32:42,029", "level": "INFO", "message": "Application startup", "module": "app", "lineno": 67}
{"timestamp": "2026-05-21 00:32:42,163", "level": "INFO", "message": "API documentation registered at /api/docs and /api/openapi.json", "module": "api_docs", "lineno": 1287}
{"timestamp": "2026-05-21 00:32:42,202", "level": "INFO", "message": "Database and tables created.", "module": "app", "lineno": 434}
{"timestamp": "2026-05-21 00:32:50,308", "level": "INFO", "message": "Application startup", "module": "app", "lineno": 67}
{"timestamp": "2026-05-21 00:32:50,424", "level": "INFO", "message": "API documentation registered at /api/docs and /api/openapi.json", "module": "api_docs", "lineno": 1287}
{"timestamp": "2026-05-21 00:32:50,462", "level": "INFO", "message": "Database and tables created.", "module": "app", "lineno": 434}
{"timestamp": "2026-05-21 00:32:58,204", "level": "INFO", "message": "Application startup", "module": "app", "lineno": 67}
{"timestamp": "2026-05-21 00:32:58,311", "level": "INFO", "message": "API documentation registered at /api/docs and /api/openapi.json", "module": "api_docs", "lineno": 1287}
{"timestamp": "2026-05-21 00:32:58,346", "level": "INFO", "message": "Database and tables created.", "module": "app", "lineno": 434}
{"timestamp": "2026-05-21 00:33:32,383", "level": "INFO", "message": "Application startup", "module": "app", "lineno": 67}
{"timestamp": "2026-05-21 00:33:32,489", "level": "INFO", "message": "API documentation registered at /api/docs and /api/openapi.json", "module": "api_docs", "lineno": 1287}
{"timestamp": "2026-05-21 00:33:33,669", "level": "INFO", "message": "Exhibition module initialized successfully.", "module": "app", "lineno": 441}
{"timestamp": "2026-05-21 00:33:33,702", "level": "INFO", "message": "Trading module initialized successfully.", "module": "app", "lineno": 447}
{"timestamp": "2026-05-21 00:33:33,702", "level": "INFO", "message": "Database and tables created.", "module": "app", "lineno": 451}
{"timestamp": "2026-05-21 01:07:54,488", "level": "INFO", "message": "Application startup", "module": "app", "lineno": 67}
{"timestamp": "2026-05-21 01:07:54,550", "level": "INFO", "message": "API documentation registered at /api/docs and /api/openapi.json", "module": "api_docs", "lineno": 1287}
{"timestamp": "2026-05-21 01:08:09,011", "level": "INFO", "message": "Application startup", "module": "app", "lineno": 67}
{"timestamp": "2026-05-21 01:08:09,086", "level": "INFO", "message": "API documentation registered at /api/docs and /api/openapi.json", "module": "api_docs", "lineno": 1287}
{"timestamp": "2026-05-21 01:08:25,232", "level": "INFO", "message": "Application startup", "module": "app", "lineno": 67}
{"timestamp": "2026-05-21 01:08:25,305", "level": "INFO", "message": "API documentation registered at /api/docs and /api/openapi.json", "module": "api_docs", "lineno": 1287}
{"timestamp": "2026-05-21 01:08:25,867", "level": "INFO", "message": "Exhibition module initialized successfully.", "module": "app", "lineno": 441}
{"timestamp": "2026-05-21 01:08:25,873", "level": "INFO", "message": "Trading module initialized successfully.", "module": "app", "lineno": 447}
{"timestamp": "2026-05-21 01:08:25,874", "level": "INFO", "message": "Database and tables created.", "module": "app", "lineno": 451}
{"timestamp": "2026-05-21 01:08:47,686", "level": "INFO", "message": "Application startup", "module": "app", "lineno": 67}
{"timestamp": "2026-05-21 01:08:47,745", "level": "INFO", "message": "API documentation registered at /api/docs and /api/openapi.json", "module": "api_docs", "lineno": 1287}
{"timestamp": "2026-05-21 01:08:48,309", "level": "INFO", "message": "Exhibition module initialized successfully.", "module": "app", "lineno": 441}
{"timestamp": "2026-05-21 01:08:48,326", "level": "INFO", "message": "Trading module initialized successfully.", "module": "app", "lineno": 447}
{"timestamp": "2026-05-21 01:08:48,326", "level": "INFO", "message": "Database and tables created.", "module": "app", "lineno": 451}
{"timestamp": "2026-05-21 01:09:10,469", "level": "INFO", "message": "Application startup", "module": "app", "lineno": 67}
{"timestamp": "2026-05-21 01:09:10,531", "level": "INFO", "message": "API documentation registered at /api/docs and /api/openapi.json", "module": "api_docs", "lineno": 1287}
{"timestamp": "2026-05-21 01:09:11,130", "level": "INFO", "message": "Exhibition module initialized successfully.", "module": "app", "lineno": 441}
{"timestamp": "2026-05-21 01:09:11,147", "level": "INFO", "message": "Trading module initialized successfully.", "module": "app", "lineno": 447}
{"timestamp": "2026-05-21 01:09:11,147", "level": "INFO", "message": "Database and tables created.", "module": "app", "lineno": 451}
